<?xml version="1.0" encoding="UTF-8"?>
<!-- Generated by org.testng.reporters.JUnitXMLReporter -->
<testsuite hostname="saffron-H81M-S" ignored="0" name="Default test" tests="6" failures="0" timestamp="15 Feb 2019 11:22:22 GMT" time="479.728" errors="0">
  <testcase name="loginTest" time="15.439" classname="com.qa.testCases.LoginPageTest"/>
  <testcase name="loginpageValidationTest" time="5.145" classname="com.qa.testCases.LoginPageTest"/>
  <testcase name="inValidEmailTest" time="5.444" classname="com.qa.testCases.LoginPageTest"/>
  <testcase name="loginWithNotMatchedRecoredsTest" time="5.535" classname="com.qa.testCases.LoginPageTest"/>
  <testcase name="forgotPasswordTest" time="15.289" classname="com.qa.testCases.LoginPageTest"/>
  <testcase name="ForgotPasswordToLoginPopUpSwitchTest" time="15.194" classname="com.qa.testCases.LoginPageTest"/>
</testsuite> <!-- Default test -->
